0 info it worked if it ends with ok
1 verbose cli [ '/usr/local/Cellar/node/0.10.25/bin/node',
1 verbose cli   '/usr/local/bin/npm',
1 verbose cli   'publish' ]
2 info using npm@1.3.24
3 info using node@v0.10.25
4 verbose publish [ '.' ]
5 verbose cache add [ '.', null ]
6 verbose cache add name=undefined spec="." args=[".",null]
7 verbose parsed url { protocol: null,
7 verbose parsed url   slashes: null,
7 verbose parsed url   auth: null,
7 verbose parsed url   host: null,
7 verbose parsed url   port: null,
7 verbose parsed url   hostname: null,
7 verbose parsed url   hash: null,
7 verbose parsed url   search: null,
7 verbose parsed url   query: null,
7 verbose parsed url   pathname: '.',
7 verbose parsed url   path: '.',
7 verbose parsed url   href: '.' }
8 silly lockFile 3a52ce78- .
9 verbose lock . /Users/jterraz/.npm/3a52ce78-.lock
10 verbose tar pack [ '/var/folders/3g/n_4tj_3s62db7jljs3t8wxv80000gq/T/npm-23235-a6tAl6Jm/1393437879554-0.4924578466452658/tmp.tgz',
10 verbose tar pack   '.' ]
11 verbose tarball /var/folders/3g/n_4tj_3s62db7jljs3t8wxv80000gq/T/npm-23235-a6tAl6Jm/1393437879554-0.4924578466452658/tmp.tgz
12 verbose folder .
13 info prepublish statuses-stream@0.1.0
14 silly lockFile 1f1177db-tar tar://.
15 verbose lock tar://. /Users/jterraz/.npm/1f1177db-tar.lock
16 silly lockFile 232e2aee-79554-0-4924578466452658-tmp-tgz tar:///var/folders/3g/n_4tj_3s62db7jljs3t8wxv80000gq/T/npm-23235-a6tAl6Jm/1393437879554-0.4924578466452658/tmp.tgz
17 verbose lock tar:///var/folders/3g/n_4tj_3s62db7jljs3t8wxv80000gq/T/npm-23235-a6tAl6Jm/1393437879554-0.4924578466452658/tmp.tgz /Users/jterraz/.npm/232e2aee-79554-0-4924578466452658-tmp-tgz.lock
18 silly lockFile 1f1177db-tar tar://.
19 silly lockFile 1f1177db-tar tar://.
20 silly lockFile 232e2aee-79554-0-4924578466452658-tmp-tgz tar:///var/folders/3g/n_4tj_3s62db7jljs3t8wxv80000gq/T/npm-23235-a6tAl6Jm/1393437879554-0.4924578466452658/tmp.tgz
21 silly lockFile 232e2aee-79554-0-4924578466452658-tmp-tgz tar:///var/folders/3g/n_4tj_3s62db7jljs3t8wxv80000gq/T/npm-23235-a6tAl6Jm/1393437879554-0.4924578466452658/tmp.tgz
22 verbose tar unpack /var/folders/3g/n_4tj_3s62db7jljs3t8wxv80000gq/T/npm-23235-a6tAl6Jm/1393437879554-0.4924578466452658/tmp.tgz
23 silly lockFile 3981400a-79554-0-4924578466452658-package tar:///var/folders/3g/n_4tj_3s62db7jljs3t8wxv80000gq/T/npm-23235-a6tAl6Jm/1393437879554-0.4924578466452658/package
24 verbose lock tar:///var/folders/3g/n_4tj_3s62db7jljs3t8wxv80000gq/T/npm-23235-a6tAl6Jm/1393437879554-0.4924578466452658/package /Users/jterraz/.npm/3981400a-79554-0-4924578466452658-package.lock
25 silly lockFile 232e2aee-79554-0-4924578466452658-tmp-tgz tar:///var/folders/3g/n_4tj_3s62db7jljs3t8wxv80000gq/T/npm-23235-a6tAl6Jm/1393437879554-0.4924578466452658/tmp.tgz
26 verbose lock tar:///var/folders/3g/n_4tj_3s62db7jljs3t8wxv80000gq/T/npm-23235-a6tAl6Jm/1393437879554-0.4924578466452658/tmp.tgz /Users/jterraz/.npm/232e2aee-79554-0-4924578466452658-tmp-tgz.lock
27 silly gunzTarPerm modes [ '755', '644' ]
28 silly gunzTarPerm extractEntry package.json
29 silly gunzTarPerm extractEntry .npmignore
30 silly gunzTarPerm extractEntry README.md
31 silly gunzTarPerm extractEntry index.js
32 silly gunzTarPerm extractEntry test.js
33 silly gunzTarPerm extractEntry lib/user-stream.js
34 silly gunzTarPerm extractEntry test/stream.js
35 silly lockFile 3981400a-79554-0-4924578466452658-package tar:///var/folders/3g/n_4tj_3s62db7jljs3t8wxv80000gq/T/npm-23235-a6tAl6Jm/1393437879554-0.4924578466452658/package
36 silly lockFile 3981400a-79554-0-4924578466452658-package tar:///var/folders/3g/n_4tj_3s62db7jljs3t8wxv80000gq/T/npm-23235-a6tAl6Jm/1393437879554-0.4924578466452658/package
37 silly lockFile 232e2aee-79554-0-4924578466452658-tmp-tgz tar:///var/folders/3g/n_4tj_3s62db7jljs3t8wxv80000gq/T/npm-23235-a6tAl6Jm/1393437879554-0.4924578466452658/tmp.tgz
38 silly lockFile 232e2aee-79554-0-4924578466452658-tmp-tgz tar:///var/folders/3g/n_4tj_3s62db7jljs3t8wxv80000gq/T/npm-23235-a6tAl6Jm/1393437879554-0.4924578466452658/tmp.tgz
39 verbose tar pack [ '/Users/jterraz/.npm/statuses-stream/0.1.0/package.tgz',
39 verbose tar pack   '/var/folders/3g/n_4tj_3s62db7jljs3t8wxv80000gq/T/npm-23235-a6tAl6Jm/1393437879554-0.4924578466452658/package' ]
40 verbose tarball /Users/jterraz/.npm/statuses-stream/0.1.0/package.tgz
41 verbose folder /var/folders/3g/n_4tj_3s62db7jljs3t8wxv80000gq/T/npm-23235-a6tAl6Jm/1393437879554-0.4924578466452658/package
42 silly lockFile 3981400a-79554-0-4924578466452658-package tar:///var/folders/3g/n_4tj_3s62db7jljs3t8wxv80000gq/T/npm-23235-a6tAl6Jm/1393437879554-0.4924578466452658/package
43 verbose lock tar:///var/folders/3g/n_4tj_3s62db7jljs3t8wxv80000gq/T/npm-23235-a6tAl6Jm/1393437879554-0.4924578466452658/package /Users/jterraz/.npm/3981400a-79554-0-4924578466452658-package.lock
44 silly lockFile fd8a53b1-tatuses-stream-0-1-0-package-tgz tar:///Users/jterraz/.npm/statuses-stream/0.1.0/package.tgz
45 verbose lock tar:///Users/jterraz/.npm/statuses-stream/0.1.0/package.tgz /Users/jterraz/.npm/fd8a53b1-tatuses-stream-0-1-0-package-tgz.lock
46 silly lockFile 3981400a-79554-0-4924578466452658-package tar:///var/folders/3g/n_4tj_3s62db7jljs3t8wxv80000gq/T/npm-23235-a6tAl6Jm/1393437879554-0.4924578466452658/package
47 silly lockFile 3981400a-79554-0-4924578466452658-package tar:///var/folders/3g/n_4tj_3s62db7jljs3t8wxv80000gq/T/npm-23235-a6tAl6Jm/1393437879554-0.4924578466452658/package
48 silly lockFile fd8a53b1-tatuses-stream-0-1-0-package-tgz tar:///Users/jterraz/.npm/statuses-stream/0.1.0/package.tgz
49 silly lockFile fd8a53b1-tatuses-stream-0-1-0-package-tgz tar:///Users/jterraz/.npm/statuses-stream/0.1.0/package.tgz
50 silly lockFile 1bda784f-pm-statuses-stream-0-1-0-package /Users/jterraz/.npm/statuses-stream/0.1.0/package
51 verbose lock /Users/jterraz/.npm/statuses-stream/0.1.0/package /Users/jterraz/.npm/1bda784f-pm-statuses-stream-0-1-0-package.lock
52 silly lockFile 1bda784f-pm-statuses-stream-0-1-0-package /Users/jterraz/.npm/statuses-stream/0.1.0/package
53 silly lockFile 1bda784f-pm-statuses-stream-0-1-0-package /Users/jterraz/.npm/statuses-stream/0.1.0/package
54 verbose tar unpack /Users/jterraz/.npm/statuses-stream/0.1.0/package.tgz
55 silly lockFile 6a9f177a-pm-statuses-stream-0-1-0-package tar:///Users/jterraz/.npm/statuses-stream/0.1.0/package
56 verbose lock tar:///Users/jterraz/.npm/statuses-stream/0.1.0/package /Users/jterraz/.npm/6a9f177a-pm-statuses-stream-0-1-0-package.lock
57 silly lockFile fd8a53b1-tatuses-stream-0-1-0-package-tgz tar:///Users/jterraz/.npm/statuses-stream/0.1.0/package.tgz
58 verbose lock tar:///Users/jterraz/.npm/statuses-stream/0.1.0/package.tgz /Users/jterraz/.npm/fd8a53b1-tatuses-stream-0-1-0-package-tgz.lock
59 silly gunzTarPerm modes [ '755', '644' ]
60 silly gunzTarPerm extractEntry package.json
61 silly gunzTarPerm extractEntry .npmignore
62 silly gunzTarPerm extractEntry README.md
63 silly gunzTarPerm extractEntry index.js
64 silly gunzTarPerm extractEntry test.js
65 silly gunzTarPerm extractEntry lib/user-stream.js
66 silly gunzTarPerm extractEntry test/stream.js
67 silly lockFile 6a9f177a-pm-statuses-stream-0-1-0-package tar:///Users/jterraz/.npm/statuses-stream/0.1.0/package
68 silly lockFile 6a9f177a-pm-statuses-stream-0-1-0-package tar:///Users/jterraz/.npm/statuses-stream/0.1.0/package
69 silly lockFile fd8a53b1-tatuses-stream-0-1-0-package-tgz tar:///Users/jterraz/.npm/statuses-stream/0.1.0/package.tgz
70 silly lockFile fd8a53b1-tatuses-stream-0-1-0-package-tgz tar:///Users/jterraz/.npm/statuses-stream/0.1.0/package.tgz
71 verbose chmod /Users/jterraz/.npm/statuses-stream/0.1.0/package.tgz 644
72 verbose chown /Users/jterraz/.npm/statuses-stream/0.1.0/package.tgz [ 503, 20 ]
73 silly lockFile 3a52ce78- .
74 silly lockFile 3a52ce78- .
75 silly publish { name: 'statuses-stream',
75 silly publish   version: '0.1.0',
75 silly publish   description: 'Simple twitter user stream client. Only one dependency (oauth). forked from https://github.com/aivis/user-stream',
75 silly publish   keywords: [ 'twitter', 'streaming' ],
75 silly publish   author: { name: 'Julien Terraz' },
75 silly publish   dependencies: { oauth: '0.9.8' },
75 silly publish   repository:
75 silly publish    { type: 'git',
75 silly publish      url: 'git@github.com:DigitasLabsParis/statuses-stream.git' },
75 silly publish   readme: 'statuses-stream\n=============\n### Version: 0.0.1 ###\n\nSimple Node.js Twitter (API 1.1) statuses stream client (https://dev.twitter.com/docs/streaming-apis/streams/user)\n\nforked and edited from [https://github.com/aivis/user-stream](https://github.com/aivis/user-stream)\n\nInstall\n-------\nnpm install git@github.com:DigitasLabsParis/user-stream.git\n\nUsage\n-------\n```javascript\nvar Stream = require(\'user-stream\');\nvar stream = new Stream({\n    consumer_key: \'\',\n    consumer_secret: \'\',\n    access_token_key: \'\',\n    access_token_secret: \'\'\n});\n\n//create stream\nstream.stream({track:\'tag1,tag2,tag3\'});\n\n//listen stream data\nstream.on(\'data\', function(json) {\n  console.log(json);\n});\n```\n\nEvents\n-------\n- ```data```        - stream data in JSON format\n- ```garbage```     - stream data who can\'t be parsed to JSON\n- ```close```       - stream close event (stream connection closed)\n- ```error```       - error event (request error, response error, response status code greater than 200)\n- ```connected```   - stream created\n- ```heartbeat```   - twitter emitted heartbeat\n\nMethods\n-------\n- ```stream```  - create stream connection\n- ```destroy``` - destroy/close stream connection\n\n### Streaming API request parameters [link](https://dev.twitter.com/docs/streaming-apis/parameters) ###\n```javascript\nvar params = {\n    with: \'user\'\n}\n//create stream\nstream.stream(params);\n```\n#### Reserved parameters for lib\n- ```delimited``` \n- ```stall_warnings```\n',
75 silly publish   readmeFilename: 'README.md',
75 silly publish   bugs: { url: 'https://github.com/DigitasLabsParis/statuses-stream/issues' },
75 silly publish   homepage: 'https://github.com/DigitasLabsParis/statuses-stream',
75 silly publish   _id: 'statuses-stream@0.1.0',
75 silly publish   dist: { shasum: '16607cac32ad23e66ca59d84ab2964ff5489f845' },
75 silly publish   _from: '.' }
76 verbose url raw statuses-stream
77 verbose url resolving [ 'https://registry.npmjs.org/', './statuses-stream' ]
78 verbose url resolved https://registry.npmjs.org/statuses-stream
79 info trying registry request attempt 1 at 19:04:39
80 http PUT https://registry.npmjs.org/statuses-stream
81 http 403 https://registry.npmjs.org/statuses-stream
82 info trying registry request attempt 1 at 19:04:40
83 http PUT https://registry.npmjs.org/statuses-stream
84 http 403 https://registry.npmjs.org/statuses-stream
85 error publish Failed PUT 403
86 error Error: forbidden cannot modify pre-existing version: 0.1.0
86 error old={"name":"statuses-stream","version":"0.1.0","description":"Simple twitter user stream client. Only one dependency (oauth). forked from https://github.com/aivis/user-stream","keywords":["twitter","streaming"],"author":{"name":"Julien Terraz"},"dependencies":{"oauth":"0.9.8"},"repository":{"type":"git","url":"git@github.com:DigitasLabsParis/user-stream.git"},"bugs":{"url":"https://github.com/DigitasLabsParis/user-stream/issues"},"homepage":"https://github.com/DigitasLabsParis/user-stream","_id":"statuses-stream@0.1.0","dist":{"shasum":"e5eda5e44159189d6ba18bee972557b4acd444b8","tarball":"http://registry.npmjs.org/statuses-stream/-/statuses-stream-0.1.0.tgz"},"_from":"statuses-stream/","_npmVersion":"1.3.24","_npmUser":{"name":"targz","email":"julien@terraz.org"},"maintainers":[{"name":"targz","email":"julien@terraz.org"}]}
86 error new={"name":"statuses-stream","version":"0.1.0","description":"Simple twitter user stream client. Only one dependency (oauth). forked from https://github.com/aivis/user-stream","keywords":["twitter","streaming"],"author":{"name":"Julien Terraz"},"dependencies":{"oauth":"0.9.8"},"repository":{"type":"git","url":"git@github.com:DigitasLabsParis/statuses-stream.git"},"readme":"statuses-stream\u000a=============\u000a### Version: 0.0.1 ###\u000a\u000aSimple Node.js Twitter (API 1.1) statuses stream client (https://dev.twitter.com/docs/streaming-apis/streams/user)\u000a\u000aforked and edited from [https://github.com/aivis/user-stream](https://github.com/aivis/user-stream)\u000a\u000aInstall\u000a-------\u000anpm install git@github.com:DigitasLabsParis/user-stream.git\u000a\u000aUsage\u000a-------\u000a```javascript\u000avar Stream = require('user-stream');\u000avar stream = new Stream({\u000a    consumer_key: '',\u000a    consumer_secret: '',\u000a    access_token_key: '',\u000a    access_token_secret: ''\u000a});\u000a\u000a//create stream\u000astream.stream({track:'tag1,tag2,tag3'});\u000a\u000a//listen stream data\u000astream.on('data', function(json) {\u000a  console.log(json);\u000a});\u000a```\u000a\u000aEvents\u000a-------\u000a- ```data```        - stream data in JSON format\u000a- ```garbage```     - stream data who can't be parsed to JSON\u000a- ```close```       - stream close event (stream connection closed)\u000a- ```error```       - error event (request error, response error, response status code greater than 200)\u000a- ```connected```   - stream created\u000a- ```heartbeat```   - twitter emitted heartbeat\u000a\u000aMethods\u000a-------\u000a- ```stream```  - create stream connection\u000a- ```destroy``` - destroy/close stream connection\u000a\u000a### Streaming API request parameters [link](https://dev.twitter.com/docs/streaming-apis/parameters) ###\u000a```javascript\u000avar params = {\u000a    with: 'user'\u000a}\u000a//create stream\u000astream.stream(params);\u000a```\u000a#### Reserved parameters for lib\u000a- ```delimited``` \u000a- ```stall_warnings```\u000a","readmeFilename":"README.md","bugs":{"url":"https://github.com/DigitasLabsParis/statuses-stream/issues"},"homepage":"https://github.com/DigitasLabsParis/statuses-stream","_id":"statuses-stream@0.1.0","dist":{"shasum":"16607cac32ad23e66ca59d84ab2964ff5489f845","tarball":"http://registry.npmjs.org/statuses-stream/-/statuses-stream-0.1.0.tgz"},"_from":".","_npmVersion":"1.3.24","_npmUser":{"name":"targz","email":"julien@terraz.org"},"maintainers":[{"name":"targz","email":"julien@terraz.org"}]}: statuses-stream
86 error     at RegClient.<anonymous> (/usr/local/Cellar/node/0.10.25/lib/node_modules/npm/node_modules/npm-registry-client/lib/request.js:275:14)
86 error     at Request.self.callback (/usr/local/Cellar/node/0.10.25/lib/node_modules/npm/node_modules/request/request.js:123:22)
86 error     at Request.EventEmitter.emit (events.js:98:17)
86 error     at Request.<anonymous> (/usr/local/Cellar/node/0.10.25/lib/node_modules/npm/node_modules/request/request.js:893:14)
86 error     at Request.EventEmitter.emit (events.js:117:20)
86 error     at IncomingMessage.<anonymous> (/usr/local/Cellar/node/0.10.25/lib/node_modules/npm/node_modules/request/request.js:844:12)
86 error     at IncomingMessage.EventEmitter.emit (events.js:117:20)
86 error     at _stream_readable.js:920:16
86 error     at process._tickCallback (node.js:415:13)
87 error If you need help, you may report this *entire* log,
87 error including the npm and node versions, at:
87 error     <http://github.com/isaacs/npm/issues>
88 error System Darwin 13.0.2
89 error command "/usr/local/Cellar/node/0.10.25/bin/node" "/usr/local/bin/npm" "publish"
90 error cwd /Volumes/Data/WORK/GIT/twitter-stream-statuses/statuses-stream
91 error node -v v0.10.25
92 error npm -v 1.3.24
93 verbose exit [ 1, true ]
